{"level":"info","message":"환경 변수 확인","metadata":{"meta":{"JWT_SECRET_KEY":"***설정됨***","MODE":"PROD","NODE_ENV":"development","PROD_DB_HOST":"43.201.211.39","PROD_DB_NAME":"chaltteok","PROD_DB_PASSWORD":"***설정됨***","PROD_DB_PORT":"3306","PROD_DB_USER":"chal"}},"timestamp":"2025-05-14 00:09:09"}
{"level":"info","message":"운영 환경(PROD) 데이터베이스 사용","metadata":{"meta":{}},"timestamp":"2025-05-14 00:09:09"}
{"level":"info","message":"데이터베이스 설정 확인","metadata":{"meta":{"database":"chaltteok","host":"43.201.211.39","port":"3306","user":"chal"}},"timestamp":"2025-05-14 00:09:09"}
{"level":"info","message":"데이터베이스 연결 풀이 초기화되었습니다","metadata":{"meta":{"connectionLimit":20,"database":"chaltteok","host":"43.201.211.39"}},"timestamp":"2025-05-14 00:09:09"}
{"level":"info","message":"사용자 매퍼 로드됨","metadata":{"meta":{"path":"C:\\Users\\hope2\\dev\\Chaltteok_BE\\src\\dataaccess\\mappers\\userMapper.xml"}},"timestamp":"2025-05-14 00:09:09"}
{"level":"debug","message":"JWT 유틸리티가 초기화되었습니다.","metadata":{"meta":{}},"timestamp":"2025-05-14 00:09:09"}
{"level":"info","message":"세션 매퍼 로드됨","metadata":{"meta":{"path":"C:\\Users\\hope2\\dev\\Chaltteok_BE\\src\\dataaccess\\mappers\\userSessionMapper.xml"}},"timestamp":"2025-05-14 00:09:09"}
{"level":"info","message":"매장 매퍼 로드됨","metadata":{"meta":{"path":"C:\\Users\\hope2\\dev\\Chaltteok_BE\\src\\dataaccess\\mappers\\shopMapper.xml"}},"timestamp":"2025-05-14 00:09:09"}
{"level":"info","message":"공통 매퍼 로드됨:","metadata":{"meta":"C:\\Users\\hope2\\dev\\Chaltteok_BE\\src\\dataaccess\\mappers\\commonMapper.xml"},"timestamp":"2025-05-14 00:09:09"}
{"level":"info","message":"리포트 매퍼 로드됨:","metadata":{"meta":"C:\\Users\\hope2\\dev\\Chaltteok_BE\\src\\dataaccess\\mappers\\reportMapper.xml"},"timestamp":"2025-05-14 00:09:10"}
{"level":"info","message":"서버가 시작되었습니다 - http://localhost:9801","metadata":{"meta":{}},"timestamp":"2025-05-14 00:09:10"}
{"level":"info","message":"운영 환경: development","metadata":{"meta":{}},"timestamp":"2025-05-14 00:09:10"}
{"level":"info","message":"API 기본 경로: /api/v1","metadata":{"meta":{}},"timestamp":"2025-05-14 00:09:10"}
{"level":"http","message":"요청 [POST] /api/v1/auth/login","metadata":{"meta":{"body":{"email":"test@newaccount.com","password":"******"},"ip":"127.0.0.1","method":"POST","requestId":"req-1747148954115-tosxis7va","url":"/api/v1/auth/login","userAgent":"axios/1.9.0"}},"timestamp":"2025-05-14 00:09:14"}
{"level":"debug","message":"이메일로 사용자 조회","metadata":{"meta":{"email":"test@newaccount.com"}},"timestamp":"2025-05-14 00:09:14"}
{"level":"http","message":"요청 [POST] /api/v1/auth/login","metadata":{"meta":{"body":{"email":"test@newaccount.com","password":"******"},"ip":"127.0.0.1","method":"POST","requestId":"req-1747148954145-f28afaxc4","url":"/api/v1/auth/login","userAgent":"axios/1.9.0"}},"timestamp":"2025-05-14 00:09:14"}
{"level":"debug","message":"이메일로 사용자 조회","metadata":{"meta":{"email":"test@newaccount.com"}},"timestamp":"2025-05-14 00:09:14"}
{"level":"http","message":"요청 [POST] /api/v1/auth/login","metadata":{"meta":{"body":{"email":"test@newaccount.com","password":"******"},"ip":"127.0.0.1","method":"POST","requestId":"req-1747148954151-4gvioqv3v","url":"/api/v1/auth/login","userAgent":"axios/1.9.0"}},"timestamp":"2025-05-14 00:09:14"}
{"level":"debug","message":"이메일로 사용자 조회","metadata":{"meta":{"email":"test@newaccount.com"}},"timestamp":"2025-05-14 00:09:14"}
{"level":"http","message":"요청 [POST] /api/v1/auth/login","metadata":{"meta":{"body":{"email":"test@newaccount.com","password":"******"},"ip":"127.0.0.1","method":"POST","requestId":"req-1747148954156-tolxy4kmb","url":"/api/v1/auth/login","userAgent":"axios/1.9.0"}},"timestamp":"2025-05-14 00:09:14"}
{"level":"debug","message":"이메일로 사용자 조회","metadata":{"meta":{"email":"test@newaccount.com"}},"timestamp":"2025-05-14 00:09:14"}
{"level":"http","message":"요청 [POST] /api/v1/auth/login","metadata":{"meta":{"body":{"email":"test@newaccount.com","password":"******"},"ip":"127.0.0.1","method":"POST","requestId":"req-1747148954159-nu9xn8lq9","url":"/api/v1/auth/login","userAgent":"axios/1.9.0"}},"timestamp":"2025-05-14 00:09:14"}
{"level":"debug","message":"이메일로 사용자 조회","metadata":{"meta":{"email":"test@newaccount.com"}},"timestamp":"2025-05-14 00:09:14"}
{"level":"debug","message":"데이터베이스 연결 획득","metadata":{"meta":{"connectionId":19}},"timestamp":"2025-05-14 00:09:14"}
{"level":"debug","message":"쿼리 실행","metadata":{"meta":{"params":[],"sql":"SELECT\n  id,\n  role,\n  type,\n  email,\n  password,\n  is_retry,\n  name,\n  age,\n  gender,\n  nick_name,\n  phone,\n  address,\n  social_id,\n  profile_image,\n  it_plc_1,\n  it_plc_2,\n  it_plc_3,\n  reg_date,\n  mod_date\nFROM\n  user\nWHERE\n  email = 'test@newaccount.com'"}},"timestamp":"2025-05-14 00:09:14"}
{"level":"debug","message":"데이터베이스 연결 획득","metadata":{"meta":{"connectionId":21}},"timestamp":"2025-05-14 00:09:14"}
{"level":"debug","message":"쿼리 실행","metadata":{"meta":{"params":[],"sql":"SELECT\n  id,\n  role,\n  type,\n  email,\n  password,\n  is_retry,\n  name,\n  age,\n  gender,\n  nick_name,\n  phone,\n  address,\n  social_id,\n  profile_image,\n  it_plc_1,\n  it_plc_2,\n  it_plc_3,\n  reg_date,\n  mod_date\nFROM\n  user\nWHERE\n  email = 'test@newaccount.com'"}},"timestamp":"2025-05-14 00:09:14"}
{"level":"debug","message":"데이터베이스 연결 획득","metadata":{"meta":{"connectionId":20}},"timestamp":"2025-05-14 00:09:14"}
{"level":"debug","message":"쿼리 실행","metadata":{"meta":{"params":[],"sql":"SELECT\n  id,\n  role,\n  type,\n  email,\n  password,\n  is_retry,\n  name,\n  age,\n  gender,\n  nick_name,\n  phone,\n  address,\n  social_id,\n  profile_image,\n  it_plc_1,\n  it_plc_2,\n  it_plc_3,\n  reg_date,\n  mod_date\nFROM\n  user\nWHERE\n  email = 'test@newaccount.com'"}},"timestamp":"2025-05-14 00:09:14"}
{"level":"debug","message":"데이터베이스 연결 획득","metadata":{"meta":{"connectionId":22}},"timestamp":"2025-05-14 00:09:14"}
{"level":"debug","message":"쿼리 실행","metadata":{"meta":{"params":[],"sql":"SELECT\n  id,\n  role,\n  type,\n  email,\n  password,\n  is_retry,\n  name,\n  age,\n  gender,\n  nick_name,\n  phone,\n  address,\n  social_id,\n  profile_image,\n  it_plc_1,\n  it_plc_2,\n  it_plc_3,\n  reg_date,\n  mod_date\nFROM\n  user\nWHERE\n  email = 'test@newaccount.com'"}},"timestamp":"2025-05-14 00:09:14"}
{"level":"debug","message":"데이터베이스 연결 획득","metadata":{"meta":{"connectionId":23}},"timestamp":"2025-05-14 00:09:14"}
{"level":"debug","message":"쿼리 실행","metadata":{"meta":{"params":[],"sql":"SELECT\n  id,\n  role,\n  type,\n  email,\n  password,\n  is_retry,\n  name,\n  age,\n  gender,\n  nick_name,\n  phone,\n  address,\n  social_id,\n  profile_image,\n  it_plc_1,\n  it_plc_2,\n  it_plc_3,\n  reg_date,\n  mod_date\nFROM\n  user\nWHERE\n  email = 'test@newaccount.com'"}},"timestamp":"2025-05-14 00:09:14"}
{"level":"debug","message":"연결 반환 완료","metadata":{"meta":{}},"timestamp":"2025-05-14 00:09:14"}
{"level":"debug","message":"사용자 세션 저장","metadata":{"meta":{"userId":30}},"timestamp":"2025-05-14 00:09:14"}
{"level":"http","message":"응답 [POST] /api/v1/auth/login 200 (185ms)","metadata":{"meta":{"duration":"185ms","requestId":"req-1747148954151-4gvioqv3v","statusCode":200,"statusMessage":"OK"}},"timestamp":"2025-05-14 00:09:14"}
{"level":"debug","message":"데이터베이스 연결 획득","metadata":{"meta":{"connectionId":20}},"timestamp":"2025-05-14 00:09:14"}
{"level":"debug","message":"UPDATE/DELETE 쿼리 실행","metadata":{"meta":{"params":[],"sql":"INSERT INTO\n  user_session (user_id, session)\nVALUES\n  (\n    '30',\n    'eyJhbGciOiJIUzI1NiIsInR5cCI6IkpXVCJ9.eyJ1c2VySWQiOjMwLCJyb2xlIjoidXNlciIsImlhdCI6MTc0NzE0ODk1NH0.76AWRKYQujznbpPt5e1sOlvvHVTFgHhKoWmRU5WxRMg'\n  ) ON DUPLICATE KEY\nUPDATE session = 'eyJhbGciOiJIUzI1NiIsInR5cCI6IkpXVCJ9.eyJ1c2VySWQiOjMwLCJyb2xlIjoidXNlciIsImlhdCI6MTc0NzE0ODk1NH0.76AWRKYQujznbpPt5e1sOlvvHVTFgHhKoWmRU5WxRMg'"}},"timestamp":"2025-05-14 00:09:14"}
{"level":"debug","message":"연결 반환 완료","metadata":{"meta":{}},"timestamp":"2025-05-14 00:09:14"}
{"level":"debug","message":"연결 반환 완료","metadata":{"meta":{}},"timestamp":"2025-05-14 00:09:14"}
{"level":"debug","message":"연결 반환 완료","metadata":{"meta":{}},"timestamp":"2025-05-14 00:09:14"}
{"level":"debug","message":"연결 반환 완료","metadata":{"meta":{}},"timestamp":"2025-05-14 00:09:14"}
{"level":"debug","message":"사용자 세션 저장","metadata":{"meta":{"userId":30}},"timestamp":"2025-05-14 00:09:14"}
{"level":"http","message":"응답 [POST] /api/v1/auth/login 200 (471ms)","metadata":{"meta":{"duration":"471ms","requestId":"req-1747148954159-nu9xn8lq9","statusCode":200,"statusMessage":"OK"}},"timestamp":"2025-05-14 00:09:14"}
{"level":"debug","message":"데이터베이스 연결 획득","metadata":{"meta":{"connectionId":19}},"timestamp":"2025-05-14 00:09:14"}
{"level":"debug","message":"UPDATE/DELETE 쿼리 실행","metadata":{"meta":{"params":[],"sql":"INSERT INTO\n  user_session (user_id, session)\nVALUES\n  (\n    '30',\n    'eyJhbGciOiJIUzI1NiIsInR5cCI6IkpXVCJ9.eyJ1c2VySWQiOjMwLCJyb2xlIjoidXNlciIsImlhdCI6MTc0NzE0ODk1NH0.76AWRKYQujznbpPt5e1sOlvvHVTFgHhKoWmRU5WxRMg'\n  ) ON DUPLICATE KEY\nUPDATE session = 'eyJhbGciOiJIUzI1NiIsInR5cCI6IkpXVCJ9.eyJ1c2VySWQiOjMwLCJyb2xlIjoidXNlciIsImlhdCI6MTc0NzE0ODk1NH0.76AWRKYQujznbpPt5e1sOlvvHVTFgHhKoWmRU5WxRMg'"}},"timestamp":"2025-05-14 00:09:14"}
{"level":"debug","message":"사용자 세션 저장","metadata":{"meta":{"userId":30}},"timestamp":"2025-05-14 00:09:14"}
{"level":"http","message":"응답 [POST] /api/v1/auth/login 200 (479ms)","metadata":{"meta":{"duration":"479ms","requestId":"req-1747148954156-tolxy4kmb","statusCode":200,"statusMessage":"OK"}},"timestamp":"2025-05-14 00:09:14"}
{"level":"debug","message":"데이터베이스 연결 획득","metadata":{"meta":{"connectionId":21}},"timestamp":"2025-05-14 00:09:14"}
{"level":"debug","message":"UPDATE/DELETE 쿼리 실행","metadata":{"meta":{"params":[],"sql":"INSERT INTO\n  user_session (user_id, session)\nVALUES\n  (\n    '30',\n    'eyJhbGciOiJIUzI1NiIsInR5cCI6IkpXVCJ9.eyJ1c2VySWQiOjMwLCJyb2xlIjoidXNlciIsImlhdCI6MTc0NzE0ODk1NH0.76AWRKYQujznbpPt5e1sOlvvHVTFgHhKoWmRU5WxRMg'\n  ) ON DUPLICATE KEY\nUPDATE session = 'eyJhbGciOiJIUzI1NiIsInR5cCI6IkpXVCJ9.eyJ1c2VySWQiOjMwLCJyb2xlIjoidXNlciIsImlhdCI6MTc0NzE0ODk1NH0.76AWRKYQujznbpPt5e1sOlvvHVTFgHhKoWmRU5WxRMg'"}},"timestamp":"2025-05-14 00:09:14"}
{"level":"debug","message":"사용자 세션 저장","metadata":{"meta":{"userId":30}},"timestamp":"2025-05-14 00:09:14"}
{"level":"http","message":"응답 [POST] /api/v1/auth/login 200 (498ms)","metadata":{"meta":{"duration":"498ms","requestId":"req-1747148954145-f28afaxc4","statusCode":200,"statusMessage":"OK"}},"timestamp":"2025-05-14 00:09:14"}
{"level":"debug","message":"데이터베이스 연결 획득","metadata":{"meta":{"connectionId":22}},"timestamp":"2025-05-14 00:09:14"}
{"level":"debug","message":"UPDATE/DELETE 쿼리 실행","metadata":{"meta":{"params":[],"sql":"INSERT INTO\n  user_session (user_id, session)\nVALUES\n  (\n    '30',\n    'eyJhbGciOiJIUzI1NiIsInR5cCI6IkpXVCJ9.eyJ1c2VySWQiOjMwLCJyb2xlIjoidXNlciIsImlhdCI6MTc0NzE0ODk1NH0.76AWRKYQujznbpPt5e1sOlvvHVTFgHhKoWmRU5WxRMg'\n  ) ON DUPLICATE KEY\nUPDATE session = 'eyJhbGciOiJIUzI1NiIsInR5cCI6IkpXVCJ9.eyJ1c2VySWQiOjMwLCJyb2xlIjoidXNlciIsImlhdCI6MTc0NzE0ODk1NH0.76AWRKYQujznbpPt5e1sOlvvHVTFgHhKoWmRU5WxRMg'"}},"timestamp":"2025-05-14 00:09:14"}
{"level":"debug","message":"사용자 세션 저장","metadata":{"meta":{"userId":30}},"timestamp":"2025-05-14 00:09:14"}
{"level":"http","message":"응답 [POST] /api/v1/auth/login 200 (536ms)","metadata":{"meta":{"duration":"536ms","requestId":"req-1747148954115-tosxis7va","statusCode":200,"statusMessage":"OK"}},"timestamp":"2025-05-14 00:09:14"}
{"level":"debug","message":"데이터베이스 연결 획득","metadata":{"meta":{"connectionId":23}},"timestamp":"2025-05-14 00:09:14"}
{"level":"debug","message":"UPDATE/DELETE 쿼리 실행","metadata":{"meta":{"params":[],"sql":"INSERT INTO\n  user_session (user_id, session)\nVALUES\n  (\n    '30',\n    'eyJhbGciOiJIUzI1NiIsInR5cCI6IkpXVCJ9.eyJ1c2VySWQiOjMwLCJyb2xlIjoidXNlciIsImlhdCI6MTc0NzE0ODk1NH0.76AWRKYQujznbpPt5e1sOlvvHVTFgHhKoWmRU5WxRMg'\n  ) ON DUPLICATE KEY\nUPDATE session = 'eyJhbGciOiJIUzI1NiIsInR5cCI6IkpXVCJ9.eyJ1c2VySWQiOjMwLCJyb2xlIjoidXNlciIsImlhdCI6MTc0NzE0ODk1NH0.76AWRKYQujznbpPt5e1sOlvvHVTFgHhKoWmRU5WxRMg'"}},"timestamp":"2025-05-14 00:09:14"}
{"level":"http","message":"요청 [POST] /api/v1/auth/login","metadata":{"meta":{"body":{"email":"test@newaccount.com","password":"******"},"ip":"127.0.0.1","method":"POST","requestId":"req-1747148954653-3z5z5emvf","url":"/api/v1/auth/login","userAgent":"axios/1.9.0"}},"timestamp":"2025-05-14 00:09:14"}
{"level":"debug","message":"이메일로 사용자 조회","metadata":{"meta":{"email":"test@newaccount.com"}},"timestamp":"2025-05-14 00:09:14"}
{"level":"info","message":"세션 저장 성공","metadata":{"meta":{"userId":30}},"timestamp":"2025-05-14 00:09:14"}
{"level":"http","message":"요청 [POST] /api/v1/reviews/1/comments","metadata":{"meta":{"body":{"content":"단위 테스트 댓글"},"ip":"127.0.0.1","method":"POST","requestId":"req-1747148954659-unzxms74s","url":"/api/v1/reviews/1/comments","userAgent":"axios/1.9.0"}},"timestamp":"2025-05-14 00:09:14"}
{"level":"info","message":"세션 저장 성공","metadata":{"meta":{"userId":30}},"timestamp":"2025-05-14 00:09:14"}
{"level":"http","message":"요청 [GET] /api/v1/shops/1/reviews","metadata":{"meta":{"body":{},"ip":"127.0.0.1","method":"GET","requestId":"req-1747148954662-eaz02snvb","url":"/api/v1/shops/1/reviews","userAgent":"axios/1.9.0"}},"timestamp":"2025-05-14 00:09:14"}
{"level":"debug","message":"매장별 리뷰 목록 조회 시작","metadata":{"meta":{"limit":20,"offset":0,"page":1,"shopId":1}},"timestamp":"2025-05-14 00:09:14"}
{"level":"debug","message":"리뷰 목록 쿼리 실행","metadata":{"meta":{"params":{"limit":20,"offset":0,"shopId":1},"query":"SELECT\n  r.*,\n  u.name as user_name,\n  u.profile_image as user_profile_image\nFROM\n  shop_review r\n  LEFT JOIN user u ON r.user_id = u.id\nWHERE\n  r.shop_id = '1'\nORDER BY\n  r.reg_date DESC\nLIMIT\n  20\nOFFSET\n  0"}},"timestamp":"2025-05-14 00:09:14"}
{"level":"debug","message":"데이터베이스 연결 획득","metadata":{"meta":{"connectionId":19}},"timestamp":"2025-05-14 00:09:14"}
{"level":"debug","message":"쿼리 실행","metadata":{"meta":{"params":[],"sql":"SELECT\n  r.*,\n  u.name as user_name,\n  u.profile_image as user_profile_image\nFROM\n  shop_review r\n  LEFT JOIN user u ON r.user_id = u.id\nWHERE\n  r.shop_id = '1'\nORDER BY\n  r.reg_date DESC\nLIMIT\n  20\nOFFSET\n  0"}},"timestamp":"2025-05-14 00:09:14"}
{"level":"info","message":"세션 저장 성공","metadata":{"meta":{"userId":30}},"timestamp":"2025-05-14 00:09:14"}
{"level":"http","message":"실패 [POST] /api/v1/reviews/1/comments 404 (18ms)","metadata":{"meta":{"duration":"18ms","requestId":"req-1747148954659-unzxms74s","statusCode":404,"statusMessage":"Not Found"}},"timestamp":"2025-05-14 00:09:14"}
{"level":"http","message":"요청 [POST] /api/v1/auth/login","metadata":{"meta":{"body":{"email":"admin@test.com","password":"******"},"ip":"127.0.0.1","method":"POST","requestId":"req-1747148954679-4rxw9784h","url":"/api/v1/auth/login","userAgent":"axios/1.9.0"}},"timestamp":"2025-05-14 00:09:14"}
{"level":"debug","message":"이메일로 사용자 조회","metadata":{"meta":{"email":"admin@test.com"}},"timestamp":"2025-05-14 00:09:14"}
{"level":"debug","message":"데이터베이스 연결 획득","metadata":{"meta":{"connectionId":21}},"timestamp":"2025-05-14 00:09:14"}
{"level":"debug","message":"쿼리 실행","metadata":{"meta":{"params":[],"sql":"SELECT\n  id,\n  role,\n  type,\n  email,\n  password,\n  is_retry,\n  name,\n  age,\n  gender,\n  nick_name,\n  phone,\n  address,\n  social_id,\n  profile_image,\n  it_plc_1,\n  it_plc_2,\n  it_plc_3,\n  reg_date,\n  mod_date\nFROM\n  user\nWHERE\n  email = 'admin@test.com'"}},"timestamp":"2025-05-14 00:09:14"}
{"level":"http","message":"요청 [GET] /api/v1/shops","metadata":{"meta":{"body":{},"ip":"127.0.0.1","method":"GET","requestId":"req-1747148954685-yna34gsws","url":"/api/v1/shops","userAgent":"axios/1.9.0"}},"timestamp":"2025-05-14 00:09:14"}
{"level":"info","message":"세션 저장 성공","metadata":{"meta":{"userId":30}},"timestamp":"2025-05-14 00:09:14"}
{"level":"info","message":"세션 저장 성공","metadata":{"meta":{"userId":30}},"timestamp":"2025-05-14 00:09:14"}
{"level":"http","message":"실패 [GET] /api/v1/shops 404 (8ms)","metadata":{"meta":{"duration":"8ms","requestId":"req-1747148954685-yna34gsws","statusCode":404,"statusMessage":"Not Found"}},"timestamp":"2025-05-14 00:09:14"}
{"level":"http","message":"요청 [GET] /api/v1/reviews/1/comments","metadata":{"meta":{"body":{},"ip":"127.0.0.1","method":"GET","requestId":"req-1747148954694-m4ht481d5","url":"/api/v1/reviews/1/comments","userAgent":"axios/1.9.0"}},"timestamp":"2025-05-14 00:09:14"}
{"level":"http","message":"실패 [GET] /api/v1/reviews/1/comments 404 (2ms)","metadata":{"meta":{"duration":"2ms","requestId":"req-1747148954694-m4ht481d5","statusCode":404,"statusMessage":"Not Found"}},"timestamp":"2025-05-14 00:09:14"}
{"level":"debug","message":"연결 반환 완료","metadata":{"meta":{}},"timestamp":"2025-05-14 00:09:14"}
{"level":"info","message":"리뷰 목록 조회 성공","metadata":{"meta":{"count":4,"limit":20,"page":1,"shopId":1}},"timestamp":"2025-05-14 00:09:14"}
{"level":"http","message":"응답 [GET] /api/v1/shops/1/reviews 200 (40ms)","metadata":{"meta":{"duration":"40ms","requestId":"req-1747148954662-eaz02snvb","statusCode":200,"statusMessage":"OK"}},"timestamp":"2025-05-14 00:09:14"}
{"level":"debug","message":"연결 반환 완료","metadata":{"meta":{}},"timestamp":"2025-05-14 00:09:14"}
{"level":"http","message":"요청 [POST] /api/v1/shops/1/reviews","metadata":{"meta":{"body":{"description":"단위 테스트 리뷰"},"ip":"127.0.0.1","method":"POST","requestId":"req-1747148954786-s1susg1ky","url":"/api/v1/shops/1/reviews","userAgent":"axios/1.9.0"}},"timestamp":"2025-05-14 00:09:14"}
{"level":"debug","message":"리뷰 생성 시작","metadata":{"meta":{"description":"단위 테스트 리뷰","shopId":1,"shopPrdId":0,"userId":30}},"timestamp":"2025-05-14 00:09:14"}
{"level":"debug","message":"데이터베이스 연결 획득","metadata":{"meta":{"connectionId":21}},"timestamp":"2025-05-14 00:09:14"}
{"level":"debug","message":"사용자 세션 저장","metadata":{"meta":{"userId":34}},"timestamp":"2025-05-14 00:09:14"}
{"level":"http","message":"응답 [POST] /api/v1/auth/login 200 (118ms)","metadata":{"meta":{"duration":"118ms","requestId":"req-1747148954679-4rxw9784h","statusCode":200,"statusMessage":"OK"}},"timestamp":"2025-05-14 00:09:14"}
{"level":"debug","message":"데이터베이스 연결 획득","metadata":{"meta":{"connectionId":19}},"timestamp":"2025-05-14 00:09:14"}
{"level":"debug","message":"UPDATE/DELETE 쿼리 실행","metadata":{"meta":{"params":[],"sql":"INSERT INTO\n  user_session (user_id, session)\nVALUES\n  (\n    '34',\n    'eyJhbGciOiJIUzI1NiIsInR5cCI6IkpXVCJ9.eyJ1c2VySWQiOjM0LCJyb2xlIjoiYWRtaW4iLCJpYXQiOjE3NDcxNDg5NTR9.5aZgn5PlXjo9jeCEu7JTWEH6B6O5P2tYyuJKJCj7ovw'\n  ) ON DUPLICATE KEY\nUPDATE session = 'eyJhbGciOiJIUzI1NiIsInR5cCI6IkpXVCJ9.eyJ1c2VySWQiOjM0LCJyb2xlIjoiYWRtaW4iLCJpYXQiOjE3NDcxNDg5NTR9.5aZgn5PlXjo9jeCEu7JTWEH6B6O5P2tYyuJKJCj7ovw'"}},"timestamp":"2025-05-14 00:09:14"}
{"level":"debug","message":"데이터베이스 연결 획득","metadata":{"meta":{"connectionId":24}},"timestamp":"2025-05-14 00:09:14"}
{"level":"debug","message":"쿼리 실행","metadata":{"meta":{"params":[],"sql":"SELECT\n  id,\n  role,\n  type,\n  email,\n  password,\n  is_retry,\n  name,\n  age,\n  gender,\n  nick_name,\n  phone,\n  address,\n  social_id,\n  profile_image,\n  it_plc_1,\n  it_plc_2,\n  it_plc_3,\n  reg_date,\n  mod_date\nFROM\n  user\nWHERE\n  email = 'test@newaccount.com'"}},"timestamp":"2025-05-14 00:09:14"}
{"level":"http","message":"요청 [POST] /api/v1/reports/shops/1","metadata":{"meta":{"body":{"description":"단위 테스트 신고","reportType":"inappropriate"},"ip":"127.0.0.1","method":"POST","requestId":"req-1747148954802-8rvzf674d","url":"/api/v1/reports/shops/1","userAgent":"axios/1.9.0"}},"timestamp":"2025-05-14 00:09:14"}
{"level":"info","message":"인증 성공","metadata":{"meta":{"userId":30}},"timestamp":"2025-05-14 00:09:14"}
{"level":"debug","message":"신고 요청 받음","metadata":{"meta":{"reportType":"inappropriate","shopId":"1","user":{"iat":1747148954,"role":"user","userId":30},"userId":30}},"timestamp":"2025-05-14 00:09:14"}
{"level":"debug","message":"신고 생성 쿼리 실행","metadata":{"meta":{"reportData":{"description":"단위 테스트 신고","reportType":"inappropriate","targetId":1,"targetType":"shop","userId":30}}},"timestamp":"2025-05-14 00:09:14"}
{"level":"debug","message":"데이터베이스 연결 획득","metadata":{"meta":{"connectionId":23}},"timestamp":"2025-05-14 00:09:14"}
{"level":"debug","message":"UPDATE/DELETE 쿼리 실행","metadata":{"meta":{"params":[],"sql":"INSERT INTO\n  report (\n    target_type,\n    target_id,\n    user_id,\n    report_type,\n    description,\n    status\n  )\nVALUES\n  (\n    'shop',\n    '1',\n    '30',\n    'inappropriate',\n    '단위 테스트 신고',\n    'pending'\n  )"}},"timestamp":"2025-05-14 00:09:14"}
{"level":"debug","message":"트랜잭션 시작","metadata":{"meta":{}},"timestamp":"2025-05-14 00:09:14"}
{"level":"debug","message":"MyBatis 매퍼 파라미터","metadata":{"meta":{"description":"단위 테스트 리뷰","shopId":1,"shopPrdId":0,"userId":30}},"timestamp":"2025-05-14 00:09:14"}
{"level":"warn","message":"MyBatis 매퍼 오류, 직접 쿼리 시도","metadata":{"meta":{"error":"XML is not well-formed character or markup. Consider using CDATA section."}},"timestamp":"2025-05-14 00:09:14"}
{"level":"debug","message":"직접 SQL 쿼리 생성 시도","metadata":{"meta":{}},"timestamp":"2025-05-14 00:09:14"}
{"level":"debug","message":"연결 반환 완료","metadata":{"meta":{}},"timestamp":"2025-05-14 00:09:14"}
{"level":"info","message":"세션 저장 성공","metadata":{"meta":{"userId":34}},"timestamp":"2025-05-14 00:09:14"}
{"level":"http","message":"실패 [POST] /api/v1/auth/login 401 (243ms)","metadata":{"meta":{"duration":"243ms","requestId":"req-1747148954653-3z5z5emvf","statusCode":401,"statusMessage":"Unauthorized"}},"timestamp":"2025-05-14 00:09:14"}
{"level":"info","message":"직접 쿼리로 리뷰 생성 성공","metadata":{"meta":{"reviewId":126,"shopId":1,"userId":30}},"timestamp":"2025-05-14 00:09:14"}
{"level":"debug","message":"리뷰 단일 조회 시작","metadata":{"meta":{"reviewId":126}},"timestamp":"2025-05-14 00:09:14"}
{"level":"debug","message":"데이터베이스 연결 획득","metadata":{"meta":{"connectionId":19}},"timestamp":"2025-05-14 00:09:14"}
{"level":"debug","message":"쿼리 실행","metadata":{"meta":{"params":[],"sql":"SELECT\n  r.*,\n  s.title as shop_name,\n  u.name as user_name,\n  u.profile_image as user_profile_image\nFROM\n  shop_review r\n  LEFT JOIN shop s ON r.shop_id = s.id\n  LEFT JOIN user u ON r.user_id = u.id\nWHERE\n  r.id = '126'"}},"timestamp":"2025-05-14 00:09:14"}
{"level":"info","message":"신고 생성 성공","metadata":{"meta":{}},"timestamp":"2025-05-14 00:09:14"}
{"level":"info","message":"신고 생성 완료","metadata":{"meta":{"userId":30}},"timestamp":"2025-05-14 00:09:14"}
{"level":"http","message":"응답 [POST] /api/v1/reports/shops/1 201 (104ms)","metadata":{"meta":{"duration":"104ms","requestId":"req-1747148954802-8rvzf674d","statusCode":201,"statusMessage":"Created"}},"timestamp":"2025-05-14 00:09:14"}
{"level":"debug","message":"연결 반환 완료","metadata":{"meta":{}},"timestamp":"2025-05-14 00:09:14"}
{"level":"debug","message":"리뷰를 찾을 수 없음","metadata":{"meta":{"reviewId":126}},"timestamp":"2025-05-14 00:09:14"}
{"level":"debug","message":"트랜잭션 커밋 완료","metadata":{"meta":{}},"timestamp":"2025-05-14 00:09:14"}
{"level":"debug","message":"트랜잭션 연결 반환 완료","metadata":{"meta":{}},"timestamp":"2025-05-14 00:09:14"}
{"level":"debug","message":"매장별 리뷰 목록 조회 시작","metadata":{"meta":{"limit":1,"offset":0,"page":1,"shopId":1}},"timestamp":"2025-05-14 00:09:14"}
{"level":"debug","message":"리뷰 목록 쿼리 실행","metadata":{"meta":{"params":{"limit":1,"offset":0,"shopId":1},"query":"SELECT\n  r.*,\n  u.name as user_name,\n  u.profile_image as user_profile_image\nFROM\n  shop_review r\n  LEFT JOIN user u ON r.user_id = u.id\nWHERE\n  r.shop_id = '1'\nORDER BY\n  r.reg_date DESC\nLIMIT\n  1\nOFFSET\n  0"}},"timestamp":"2025-05-14 00:09:14"}
{"level":"debug","message":"데이터베이스 연결 획득","metadata":{"meta":{"connectionId":21}},"timestamp":"2025-05-14 00:09:14"}
{"level":"debug","message":"쿼리 실행","metadata":{"meta":{"params":[],"sql":"SELECT\n  r.*,\n  u.name as user_name,\n  u.profile_image as user_profile_image\nFROM\n  shop_review r\n  LEFT JOIN user u ON r.user_id = u.id\nWHERE\n  r.shop_id = '1'\nORDER BY\n  r.reg_date DESC\nLIMIT\n  1\nOFFSET\n  0"}},"timestamp":"2025-05-14 00:09:14"}
{"level":"debug","message":"연결 반환 완료","metadata":{"meta":{}},"timestamp":"2025-05-14 00:09:14"}
{"level":"info","message":"리뷰 목록 조회 성공","metadata":{"meta":{"count":1,"limit":1,"page":1,"shopId":1}},"timestamp":"2025-05-14 00:09:14"}
{"level":"http","message":"응답 [POST] /api/v1/shops/1/reviews 201 (160ms)","metadata":{"meta":{"duration":"160ms","requestId":"req-1747148954786-s1susg1ky","statusCode":201,"statusMessage":"Created"}},"timestamp":"2025-05-14 00:09:14"}
{"level":"http","message":"요청 [GET] /api/v1/shops","metadata":{"meta":{"body":{},"ip":"127.0.0.1","method":"GET","requestId":"req-1747148962078-7mmwlspus","url":"/api/v1/shops","userAgent":"Mozilla/5.0 (Windows NT; Windows NT 10.0; ko-KR) WindowsPowerShell/5.1.26100.3624"}},"timestamp":"2025-05-14 00:09:22"}
{"level":"http","message":"실패 [GET] /api/v1/shops 404 (2ms)","metadata":{"meta":{"duration":"2ms","requestId":"req-1747148962078-7mmwlspus","statusCode":404,"statusMessage":"Not Found"}},"timestamp":"2025-05-14 00:09:22"}
{"level":"http","message":"요청 [GET] /api/v1/reviews/1/comments","metadata":{"meta":{"body":{},"ip":"127.0.0.1","method":"GET","requestId":"req-1747148966433-c3tnj2be1","url":"/api/v1/reviews/1/comments","userAgent":"Mozilla/5.0 (Windows NT; Windows NT 10.0; ko-KR) WindowsPowerShell/5.1.26100.3624"}},"timestamp":"2025-05-14 00:09:26"}
{"level":"http","message":"실패 [GET] /api/v1/reviews/1/comments 404 (2ms)","metadata":{"meta":{"duration":"2ms","requestId":"req-1747148966433-c3tnj2be1","statusCode":404,"statusMessage":"Not Found"}},"timestamp":"2025-05-14 00:09:26"}
{"level":"http","message":"요청 [GET] /api/v1/reports/shops/1","metadata":{"meta":{"body":{},"ip":"127.0.0.1","method":"GET","requestId":"req-1747148970071-5k8qk14uh","url":"/api/v1/reports/shops/1","userAgent":"Mozilla/5.0 (Windows NT; Windows NT 10.0; ko-KR) WindowsPowerShell/5.1.26100.3624"}},"timestamp":"2025-05-14 00:09:30"}
{"level":"http","message":"실패 [GET] /api/v1/reports/shops/1 404 (1ms)","metadata":{"meta":{"duration":"1ms","requestId":"req-1747148970071-5k8qk14uh","statusCode":404,"statusMessage":"Not Found"}},"timestamp":"2025-05-14 00:09:30"}
{"level":"http","message":"요청 [GET] /api/v1/auth/login","metadata":{"meta":{"body":{},"ip":"127.0.0.1","method":"GET","requestId":"req-1747148998200-dwjdgrtaz","url":"/api/v1/auth/login","userAgent":"Mozilla/5.0 (Windows NT; Windows NT 10.0; ko-KR) WindowsPowerShell/5.1.26100.3624"}},"timestamp":"2025-05-14 00:09:58"}
{"level":"http","message":"실패 [GET] /api/v1/auth/login 404 (1ms)","metadata":{"meta":{"duration":"1ms","requestId":"req-1747148998200-dwjdgrtaz","statusCode":404,"statusMessage":"Not Found"}},"timestamp":"2025-05-14 00:09:58"}
{"level":"info","message":"환경 변수 확인","metadata":{"meta":{"JWT_SECRET_KEY":"***설정됨***","MODE":"PROD","NODE_ENV":"development","PROD_DB_HOST":"43.201.211.39","PROD_DB_NAME":"chaltteok","PROD_DB_PASSWORD":"***설정됨***","PROD_DB_PORT":"3306","PROD_DB_USER":"chal"}},"timestamp":"2025-05-14 22:38:31"}
{"level":"info","message":"운영 환경(PROD) 데이터베이스 사용","metadata":{"meta":{}},"timestamp":"2025-05-14 22:38:31"}
{"level":"info","message":"데이터베이스 설정 확인","metadata":{"meta":{"database":"chaltteok","host":"43.201.211.39","port":"3306","user":"chal"}},"timestamp":"2025-05-14 22:38:31"}
{"level":"info","message":"데이터베이스 연결 풀이 초기화되었습니다","metadata":{"meta":{"connectionLimit":20,"database":"chaltteok","host":"43.201.211.39"}},"timestamp":"2025-05-14 22:38:31"}
{"level":"info","message":"사용자 매퍼 로드됨","metadata":{"meta":{"path":"C:\\Users\\hope2\\dev\\Chaltteok_BE\\src\\dataaccess\\mappers\\userMapper.xml"}},"timestamp":"2025-05-14 22:38:31"}
{"level":"debug","message":"JWT 유틸리티가 초기화되었습니다.","metadata":{"meta":{}},"timestamp":"2025-05-14 22:38:31"}
{"level":"info","message":"세션 매퍼 로드됨","metadata":{"meta":{"path":"C:\\Users\\hope2\\dev\\Chaltteok_BE\\src\\dataaccess\\mappers\\userSessionMapper.xml"}},"timestamp":"2025-05-14 22:38:31"}
{"level":"info","message":"매장 매퍼 로드됨","metadata":{"meta":{"path":"C:\\Users\\hope2\\dev\\Chaltteok_BE\\src\\dataaccess\\mappers\\shopMapper.xml"}},"timestamp":"2025-05-14 22:38:31"}
{"level":"info","message":"공통 매퍼 로드됨:","metadata":{"meta":"C:\\Users\\hope2\\dev\\Chaltteok_BE\\src\\dataaccess\\mappers\\commonMapper.xml"},"timestamp":"2025-05-14 22:38:31"}
{"level":"info","message":"리포트 매퍼 로드됨:","metadata":{"meta":"C:\\Users\\hope2\\dev\\Chaltteok_BE\\src\\dataaccess\\mappers\\reportMapper.xml"},"timestamp":"2025-05-14 22:38:31"}
{"level":"info","message":"서버가 시작되었습니다 - http://localhost:9801","metadata":{"meta":{}},"timestamp":"2025-05-14 22:38:31"}
{"level":"info","message":"운영 환경: development","metadata":{"meta":{}},"timestamp":"2025-05-14 22:38:31"}
{"level":"info","message":"API 기본 경로: /api/v1","metadata":{"meta":{}},"timestamp":"2025-05-14 22:38:31"}
{"level":"http","message":"요청 [POST] /api/v1/auth/login","metadata":{"meta":{"body":{"email":"test@newaccount.com","password":"******"},"ip":"127.0.0.1","method":"POST","requestId":"req-1747229914397-33he1mtkc","url":"/api/v1/auth/login","userAgent":"axios/1.9.0"}},"timestamp":"2025-05-14 22:38:34"}
{"level":"debug","message":"이메일로 사용자 조회","metadata":{"meta":{"email":"test@newaccount.com"}},"timestamp":"2025-05-14 22:38:34"}
{"level":"http","message":"요청 [POST] /api/v1/auth/login","metadata":{"meta":{"body":{"email":"test@newaccount.com","password":"******"},"ip":"127.0.0.1","method":"POST","requestId":"req-1747229914431-5evl06cjy","url":"/api/v1/auth/login","userAgent":"axios/1.9.0"}},"timestamp":"2025-05-14 22:38:34"}
{"level":"debug","message":"이메일로 사용자 조회","metadata":{"meta":{"email":"test@newaccount.com"}},"timestamp":"2025-05-14 22:38:34"}
{"level":"http","message":"요청 [POST] /api/v1/auth/login","metadata":{"meta":{"body":{"email":"test@newaccount.com","password":"******"},"ip":"127.0.0.1","method":"POST","requestId":"req-1747229914435-ppk782jm2","url":"/api/v1/auth/login","userAgent":"axios/1.9.0"}},"timestamp":"2025-05-14 22:38:34"}
{"level":"debug","message":"이메일로 사용자 조회","metadata":{"meta":{"email":"test@newaccount.com"}},"timestamp":"2025-05-14 22:38:34"}
{"level":"http","message":"요청 [POST] /api/v1/auth/login","metadata":{"meta":{"body":{"email":"test@newaccount.com","password":"******"},"ip":"127.0.0.1","method":"POST","requestId":"req-1747229914437-x9hahkex9","url":"/api/v1/auth/login","userAgent":"axios/1.9.0"}},"timestamp":"2025-05-14 22:38:34"}
{"level":"debug","message":"이메일로 사용자 조회","metadata":{"meta":{"email":"test@newaccount.com"}},"timestamp":"2025-05-14 22:38:34"}
{"level":"http","message":"요청 [POST] /api/v1/auth/login","metadata":{"meta":{"body":{"email":"test@newaccount.com","password":"******"},"ip":"127.0.0.1","method":"POST","requestId":"req-1747229914441-b11pshz9d","url":"/api/v1/auth/login","userAgent":"axios/1.9.0"}},"timestamp":"2025-05-14 22:38:34"}
{"level":"debug","message":"이메일로 사용자 조회","metadata":{"meta":{"email":"test@newaccount.com"}},"timestamp":"2025-05-14 22:38:34"}
{"level":"debug","message":"데이터베이스 연결 획득","metadata":{"meta":{"connectionId":42}},"timestamp":"2025-05-14 22:38:34"}
{"level":"debug","message":"쿼리 실행","metadata":{"meta":{"params":[],"sql":"SELECT\n  id,\n  role,\n  type,\n  email,\n  password,\n  is_retry,\n  name,\n  age,\n  gender,\n  nick_name,\n  phone,\n  address,\n  social_id,\n  profile_image,\n  it_plc_1,\n  it_plc_2,\n  it_plc_3,\n  reg_date,\n  mod_date\nFROM\n  user\nWHERE\n  email = 'test@newaccount.com'"}},"timestamp":"2025-05-14 22:38:34"}
{"level":"debug","message":"데이터베이스 연결 획득","metadata":{"meta":{"connectionId":43}},"timestamp":"2025-05-14 22:38:34"}
{"level":"debug","message":"쿼리 실행","metadata":{"meta":{"params":[],"sql":"SELECT\n  id,\n  role,\n  type,\n  email,\n  password,\n  is_retry,\n  name,\n  age,\n  gender,\n  nick_name,\n  phone,\n  address,\n  social_id,\n  profile_image,\n  it_plc_1,\n  it_plc_2,\n  it_plc_3,\n  reg_date,\n  mod_date\nFROM\n  user\nWHERE\n  email = 'test@newaccount.com'"}},"timestamp":"2025-05-14 22:38:34"}
{"level":"debug","message":"데이터베이스 연결 획득","metadata":{"meta":{"connectionId":44}},"timestamp":"2025-05-14 22:38:34"}
{"level":"debug","message":"쿼리 실행","metadata":{"meta":{"params":[],"sql":"SELECT\n  id,\n  role,\n  type,\n  email,\n  password,\n  is_retry,\n  name,\n  age,\n  gender,\n  nick_name,\n  phone,\n  address,\n  social_id,\n  profile_image,\n  it_plc_1,\n  it_plc_2,\n  it_plc_3,\n  reg_date,\n  mod_date\nFROM\n  user\nWHERE\n  email = 'test@newaccount.com'"}},"timestamp":"2025-05-14 22:38:34"}
{"level":"debug","message":"데이터베이스 연결 획득","metadata":{"meta":{"connectionId":45}},"timestamp":"2025-05-14 22:38:34"}
{"level":"debug","message":"쿼리 실행","metadata":{"meta":{"params":[],"sql":"SELECT\n  id,\n  role,\n  type,\n  email,\n  password,\n  is_retry,\n  name,\n  age,\n  gender,\n  nick_name,\n  phone,\n  address,\n  social_id,\n  profile_image,\n  it_plc_1,\n  it_plc_2,\n  it_plc_3,\n  reg_date,\n  mod_date\nFROM\n  user\nWHERE\n  email = 'test@newaccount.com'"}},"timestamp":"2025-05-14 22:38:34"}
{"level":"debug","message":"연결 반환 완료","metadata":{"meta":{}},"timestamp":"2025-05-14 22:38:34"}
{"level":"debug","message":"연결 반환 완료","metadata":{"meta":{}},"timestamp":"2025-05-14 22:38:34"}
{"level":"debug","message":"사용자 세션 저장","metadata":{"meta":{"userId":30}},"timestamp":"2025-05-14 22:38:34"}
{"level":"http","message":"응답 [POST] /api/v1/auth/login 200 (207ms)","metadata":{"meta":{"duration":"207ms","requestId":"req-1747229914431-5evl06cjy","statusCode":200,"statusMessage":"OK"}},"timestamp":"2025-05-14 22:38:34"}
{"level":"debug","message":"데이터베이스 연결 획득","metadata":{"meta":{"connectionId":43}},"timestamp":"2025-05-14 22:38:34"}
{"level":"debug","message":"UPDATE/DELETE 쿼리 실행","metadata":{"meta":{"params":[],"sql":"INSERT INTO\n  user_session (user_id, session)\nVALUES\n  (\n    '30',\n    'eyJhbGciOiJIUzI1NiIsInR5cCI6IkpXVCJ9.eyJ1c2VySWQiOjMwLCJyb2xlIjoidXNlciIsImlhdCI6MTc0NzIyOTkxNH0.fzxp9n_8tI7d68QnK6bH6tyF3fKzj6tfpZHCjOCY6L0'\n  ) ON DUPLICATE KEY\nUPDATE session = 'eyJhbGciOiJIUzI1NiIsInR5cCI6IkpXVCJ9.eyJ1c2VySWQiOjMwLCJyb2xlIjoidXNlciIsImlhdCI6MTc0NzIyOTkxNH0.fzxp9n_8tI7d68QnK6bH6tyF3fKzj6tfpZHCjOCY6L0'"}},"timestamp":"2025-05-14 22:38:34"}
{"level":"debug","message":"사용자 세션 저장","metadata":{"meta":{"userId":30}},"timestamp":"2025-05-14 22:38:34"}
{"level":"http","message":"응답 [POST] /api/v1/auth/login 200 (248ms)","metadata":{"meta":{"duration":"248ms","requestId":"req-1747229914397-33he1mtkc","statusCode":200,"statusMessage":"OK"}},"timestamp":"2025-05-14 22:38:34"}
{"level":"debug","message":"데이터베이스 연결 획득","metadata":{"meta":{"connectionId":42}},"timestamp":"2025-05-14 22:38:34"}
{"level":"debug","message":"UPDATE/DELETE 쿼리 실행","metadata":{"meta":{"params":[],"sql":"INSERT INTO\n  user_session (user_id, session)\nVALUES\n  (\n    '30',\n    'eyJhbGciOiJIUzI1NiIsInR5cCI6IkpXVCJ9.eyJ1c2VySWQiOjMwLCJyb2xlIjoidXNlciIsImlhdCI6MTc0NzIyOTkxNH0.fzxp9n_8tI7d68QnK6bH6tyF3fKzj6tfpZHCjOCY6L0'\n  ) ON DUPLICATE KEY\nUPDATE session = 'eyJhbGciOiJIUzI1NiIsInR5cCI6IkpXVCJ9.eyJ1c2VySWQiOjMwLCJyb2xlIjoidXNlciIsImlhdCI6MTc0NzIyOTkxNH0.fzxp9n_8tI7d68QnK6bH6tyF3fKzj6tfpZHCjOCY6L0'"}},"timestamp":"2025-05-14 22:38:34"}
{"level":"debug","message":"연결 반환 완료","metadata":{"meta":{}},"timestamp":"2025-05-14 22:38:34"}
{"level":"debug","message":"데이터베이스 연결 획득","metadata":{"meta":{"connectionId":46}},"timestamp":"2025-05-14 22:38:34"}
{"level":"debug","message":"쿼리 실행","metadata":{"meta":{"params":[],"sql":"SELECT\n  id,\n  role,\n  type,\n  email,\n  password,\n  is_retry,\n  name,\n  age,\n  gender,\n  nick_name,\n  phone,\n  address,\n  social_id,\n  profile_image,\n  it_plc_1,\n  it_plc_2,\n  it_plc_3,\n  reg_date,\n  mod_date\nFROM\n  user\nWHERE\n  email = 'test@newaccount.com'"}},"timestamp":"2025-05-14 22:38:34"}
{"level":"debug","message":"연결 반환 완료","metadata":{"meta":{}},"timestamp":"2025-05-14 22:38:34"}
{"level":"http","message":"요청 [GET] /api/v1/shops","metadata":{"meta":{"body":{},"ip":"127.0.0.1","method":"GET","requestId":"req-1747229914766-j5aa6jl8v","url":"/api/v1/shops","userAgent":"axios/1.9.0"}},"timestamp":"2025-05-14 22:38:34"}
{"level":"debug","message":"제휴 매장 조인 상점 목록 조회","metadata":{"meta":{"limit":20,"offset":0}},"timestamp":"2025-05-14 22:38:34"}
{"level":"debug","message":"데이터베이스 연결 획득","metadata":{"meta":{"connectionId":45}},"timestamp":"2025-05-14 22:38:34"}
{"level":"debug","message":"쿼리 실행","metadata":{"meta":{"params":[],"sql":"SELECT\n  s.id,\n  s.interest_id,\n  s.title,\n  s.description,\n  s.phone_number,\n  s.open_time,\n  s.close_time,\n  s.address,\n  s.latitude,\n  s.longitude,\n  s.parking,\n  s.floor,\n  s.price,\n  s.img,\n  s.reg_date,\n  s.mod_date,\n  CASE\n    WHEN p.id IS NOT NULL THEN true\n    ELSE false\n  END AS is_partner,\n  p.partner_date,\n  p.expiry_date,\n  p.status AS partner_status\nFROM\n  shop s\n  LEFT JOIN partner_shop p ON s.id = p.shop_id\n  AND p.status = 'active'\nORDER BY\n  p.id IS NOT NULL DESC,\n  p.partner_date ASC,\n  s.id ASC\nLIMIT\n  20\nOFFSET\n  0"}},"timestamp":"2025-05-14 22:38:34"}
{"level":"debug","message":"사용자 세션 저장","metadata":{"meta":{"userId":30}},"timestamp":"2025-05-14 22:38:34"}
{"level":"http","message":"응답 [POST] /api/v1/auth/login 200 (348ms)","metadata":{"meta":{"duration":"348ms","requestId":"req-1747229914435-ppk782jm2","statusCode":200,"statusMessage":"OK"}},"timestamp":"2025-05-14 22:38:34"}
{"level":"debug","message":"데이터베이스 연결 획득","metadata":{"meta":{"connectionId":44}},"timestamp":"2025-05-14 22:38:34"}
{"level":"debug","message":"UPDATE/DELETE 쿼리 실행","metadata":{"meta":{"params":[],"sql":"INSERT INTO\n  user_session (user_id, session)\nVALUES\n  (\n    '30',\n    'eyJhbGciOiJIUzI1NiIsInR5cCI6IkpXVCJ9.eyJ1c2VySWQiOjMwLCJyb2xlIjoidXNlciIsImlhdCI6MTc0NzIyOTkxNH0.fzxp9n_8tI7d68QnK6bH6tyF3fKzj6tfpZHCjOCY6L0'\n  ) ON DUPLICATE KEY\nUPDATE session = 'eyJhbGciOiJIUzI1NiIsInR5cCI6IkpXVCJ9.eyJ1c2VySWQiOjMwLCJyb2xlIjoidXNlciIsImlhdCI6MTc0NzIyOTkxNH0.fzxp9n_8tI7d68QnK6bH6tyF3fKzj6tfpZHCjOCY6L0'"}},"timestamp":"2025-05-14 22:38:34"}
{"level":"debug","message":"사용자 세션 저장","metadata":{"meta":{"userId":30}},"timestamp":"2025-05-14 22:38:34"}
{"level":"http","message":"응답 [POST] /api/v1/auth/login 200 (349ms)","metadata":{"meta":{"duration":"349ms","requestId":"req-1747229914441-b11pshz9d","statusCode":200,"statusMessage":"OK"}},"timestamp":"2025-05-14 22:38:34"}
{"level":"http","message":"요청 [POST] /api/v1/reviews/1/comments","metadata":{"meta":{"body":{"content":"단위 테스트 댓글"},"ip":"127.0.0.1","method":"POST","requestId":"req-1747229914791-30xllgyej","url":"/api/v1/reviews/1/comments","userAgent":"axios/1.9.0"}},"timestamp":"2025-05-14 22:38:34"}
{"level":"info","message":"세션 저장 성공","metadata":{"meta":{"userId":30}},"timestamp":"2025-05-14 22:38:34"}
{"level":"info","message":"세션 저장 성공","metadata":{"meta":{"userId":30}},"timestamp":"2025-05-14 22:38:34"}
{"level":"debug","message":"연결 반환 완료","metadata":{"meta":{}},"timestamp":"2025-05-14 22:38:34"}
{"level":"http","message":"요청 [POST] /api/v1/auth/login","metadata":{"meta":{"body":{"email":"test@newaccount.com","password":"******"},"ip":"127.0.0.1","method":"POST","requestId":"req-1747229914857-6saumz2dq","url":"/api/v1/auth/login","userAgent":"axios/1.9.0"}},"timestamp":"2025-05-14 22:38:34"}
{"level":"debug","message":"이메일로 사용자 조회","metadata":{"meta":{"email":"test@newaccount.com"}},"timestamp":"2025-05-14 22:38:34"}
{"level":"debug","message":"데이터베이스 연결 획득","metadata":{"meta":{"connectionId":46}},"timestamp":"2025-05-14 22:38:34"}
{"level":"debug","message":"쿼리 실행","metadata":{"meta":{"params":[],"sql":"SELECT\n  id,\n  role,\n  type,\n  email,\n  password,\n  is_retry,\n  name,\n  age,\n  gender,\n  nick_name,\n  phone,\n  address,\n  social_id,\n  profile_image,\n  it_plc_1,\n  it_plc_2,\n  it_plc_3,\n  reg_date,\n  mod_date\nFROM\n  user\nWHERE\n  email = 'test@newaccount.com'"}},"timestamp":"2025-05-14 22:38:34"}
{"level":"http","message":"실패 [POST] /api/v1/reviews/1/comments 404 (70ms)","metadata":{"meta":{"duration":"70ms","requestId":"req-1747229914791-30xllgyej","statusCode":404,"statusMessage":"Not Found"}},"timestamp":"2025-05-14 22:38:34"}
{"level":"debug","message":"사용자 세션 저장","metadata":{"meta":{"userId":30}},"timestamp":"2025-05-14 22:38:34"}
{"level":"http","message":"응답 [POST] /api/v1/auth/login 200 (430ms)","metadata":{"meta":{"duration":"430ms","requestId":"req-1747229914437-x9hahkex9","statusCode":200,"statusMessage":"OK"}},"timestamp":"2025-05-14 22:38:34"}
{"level":"debug","message":"데이터베이스 연결 획득","metadata":{"meta":{"connectionId":42}},"timestamp":"2025-05-14 22:38:34"}
{"level":"debug","message":"UPDATE/DELETE 쿼리 실행","metadata":{"meta":{"params":[],"sql":"INSERT INTO\n  user_session (user_id, session)\nVALUES\n  (\n    '30',\n    'eyJhbGciOiJIUzI1NiIsInR5cCI6IkpXVCJ9.eyJ1c2VySWQiOjMwLCJyb2xlIjoidXNlciIsImlhdCI6MTc0NzIyOTkxNH0.fzxp9n_8tI7d68QnK6bH6tyF3fKzj6tfpZHCjOCY6L0'\n  ) ON DUPLICATE KEY\nUPDATE session = 'eyJhbGciOiJIUzI1NiIsInR5cCI6IkpXVCJ9.eyJ1c2VySWQiOjMwLCJyb2xlIjoidXNlciIsImlhdCI6MTc0NzIyOTkxNH0.fzxp9n_8tI7d68QnK6bH6tyF3fKzj6tfpZHCjOCY6L0'"}},"timestamp":"2025-05-14 22:38:34"}
{"level":"info","message":"세션 저장 성공","metadata":{"meta":{"userId":30}},"timestamp":"2025-05-14 22:38:34"}
{"level":"http","message":"요청 [POST] /api/v1/auth/login","metadata":{"meta":{"body":{"email":"admin@test.com","password":"******"},"ip":"127.0.0.1","method":"POST","requestId":"req-1747229914872-u18v9y0k5","url":"/api/v1/auth/login","userAgent":"axios/1.9.0"}},"timestamp":"2025-05-14 22:38:34"}
{"level":"debug","message":"이메일로 사용자 조회","metadata":{"meta":{"email":"admin@test.com"}},"timestamp":"2025-05-14 22:38:34"}
{"level":"debug","message":"데이터베이스 연결 획득","metadata":{"meta":{"connectionId":44}},"timestamp":"2025-05-14 22:38:34"}
{"level":"debug","message":"쿼리 실행","metadata":{"meta":{"params":[],"sql":"SELECT\n  id,\n  role,\n  type,\n  email,\n  password,\n  is_retry,\n  name,\n  age,\n  gender,\n  nick_name,\n  phone,\n  address,\n  social_id,\n  profile_image,\n  it_plc_1,\n  it_plc_2,\n  it_plc_3,\n  reg_date,\n  mod_date\nFROM\n  user\nWHERE\n  email = 'admin@test.com'"}},"timestamp":"2025-05-14 22:38:34"}
{"level":"debug","message":"연결 반환 완료","metadata":{"meta":{}},"timestamp":"2025-05-14 22:38:34"}
{"level":"http","message":"응답 [GET] /api/v1/shops 200 (113ms)","metadata":{"meta":{"duration":"113ms","requestId":"req-1747229914766-j5aa6jl8v","statusCode":200,"statusMessage":"OK"}},"timestamp":"2025-05-14 22:38:34"}
{"level":"debug","message":"연결 반환 완료","metadata":{"meta":{}},"timestamp":"2025-05-14 22:38:34"}
{"level":"http","message":"실패 [POST] /api/v1/auth/login 401 (90ms)","metadata":{"meta":{"duration":"90ms","requestId":"req-1747229914857-6saumz2dq","statusCode":401,"statusMessage":"Unauthorized"}},"timestamp":"2025-05-14 22:38:34"}
{"level":"http","message":"요청 [GET] /api/v1/reviews/1/comments","metadata":{"meta":{"body":{},"ip":"127.0.0.1","method":"GET","requestId":"req-1747229914949-6rxnxmklw","url":"/api/v1/reviews/1/comments","userAgent":"axios/1.9.0"}},"timestamp":"2025-05-14 22:38:34"}
{"level":"http","message":"요청 [GET] /api/v1/shops/1/reviews","metadata":{"meta":{"body":{},"ip":"127.0.0.1","method":"GET","requestId":"req-1747229914950-fxk03k6wh","url":"/api/v1/shops/1/reviews","userAgent":"axios/1.9.0"}},"timestamp":"2025-05-14 22:38:34"}
{"level":"info","message":"세션 저장 성공","metadata":{"meta":{"userId":30}},"timestamp":"2025-05-14 22:38:34"}
{"level":"debug","message":"연결 반환 완료","metadata":{"meta":{}},"timestamp":"2025-05-14 22:38:34"}
{"level":"http","message":"실패 [GET] /api/v1/reviews/1/comments 404 (72ms)","metadata":{"meta":{"duration":"72ms","requestId":"req-1747229914949-6rxnxmklw","statusCode":404,"statusMessage":"Not Found"}},"timestamp":"2025-05-14 22:38:35"}
{"level":"http","message":"실패 [GET] /api/v1/shops/1/reviews 404 (72ms)","metadata":{"meta":{"duration":"72ms","requestId":"req-1747229914950-fxk03k6wh","statusCode":404,"statusMessage":"Not Found"}},"timestamp":"2025-05-14 22:38:35"}
{"level":"debug","message":"사용자 세션 저장","metadata":{"meta":{"userId":34}},"timestamp":"2025-05-14 22:38:35"}
{"level":"http","message":"응답 [POST] /api/v1/auth/login 200 (157ms)","metadata":{"meta":{"duration":"157ms","requestId":"req-1747229914872-u18v9y0k5","statusCode":200,"statusMessage":"OK"}},"timestamp":"2025-05-14 22:38:35"}
{"level":"debug","message":"데이터베이스 연결 획득","metadata":{"meta":{"connectionId":44}},"timestamp":"2025-05-14 22:38:35"}
{"level":"debug","message":"UPDATE/DELETE 쿼리 실행","metadata":{"meta":{"params":[],"sql":"INSERT INTO\n  user_session (user_id, session)\nVALUES\n  (\n    '34',\n    'eyJhbGciOiJIUzI1NiIsInR5cCI6IkpXVCJ9.eyJ1c2VySWQiOjM0LCJyb2xlIjoiYWRtaW4iLCJpYXQiOjE3NDcyMjk5MTV9.4aH-KlxAgh2ZKpCd3zYwZ90xQ4qJPGEuK-x3IGhyijs'\n  ) ON DUPLICATE KEY\nUPDATE session = 'eyJhbGciOiJIUzI1NiIsInR5cCI6IkpXVCJ9.eyJ1c2VySWQiOjM0LCJyb2xlIjoiYWRtaW4iLCJpYXQiOjE3NDcyMjk5MTV9.4aH-KlxAgh2ZKpCd3zYwZ90xQ4qJPGEuK-x3IGhyijs'"}},"timestamp":"2025-05-14 22:38:35"}
{"level":"http","message":"요청 [POST] /api/v1/shops/1/reviews","metadata":{"meta":{"body":{"description":"단위 테스트 리뷰"},"ip":"127.0.0.1","method":"POST","requestId":"req-1747229915032-zo6cv4wna","url":"/api/v1/shops/1/reviews","userAgent":"axios/1.9.0"}},"timestamp":"2025-05-14 22:38:35"}
{"level":"http","message":"요청 [POST] /api/v1/reports/shops/1","metadata":{"meta":{"body":{"description":"단위 테스트 신고","reportType":"inappropriate"},"ip":"127.0.0.1","method":"POST","requestId":"req-1747229915033-ugoai8edg","url":"/api/v1/reports/shops/1","userAgent":"axios/1.9.0"}},"timestamp":"2025-05-14 22:38:35"}
{"level":"info","message":"인증 성공","metadata":{"meta":{"userId":30}},"timestamp":"2025-05-14 22:38:35"}
{"level":"debug","message":"신고 요청 받음","metadata":{"meta":{"reportType":"inappropriate","shopId":"1","user":{"iat":1747229914,"role":"user","userId":30},"userId":30}},"timestamp":"2025-05-14 22:38:35"}
{"level":"debug","message":"신고 생성 쿼리 실행","metadata":{"meta":{"reportData":{"description":"단위 테스트 신고","reportType":"inappropriate","targetId":1,"targetType":"shop","userId":30}}},"timestamp":"2025-05-14 22:38:35"}
{"level":"debug","message":"데이터베이스 연결 획득","metadata":{"meta":{"connectionId":42}},"timestamp":"2025-05-14 22:38:35"}
{"level":"debug","message":"UPDATE/DELETE 쿼리 실행","metadata":{"meta":{"params":[],"sql":"INSERT INTO\n  report (\n    target_type,\n    target_id,\n    user_id,\n    report_type,\n    description,\n    status\n  )\nVALUES\n  (\n    'shop',\n    '1',\n    '30',\n    'inappropriate',\n    '단위 테스트 신고',\n    'pending'\n  )"}},"timestamp":"2025-05-14 22:38:35"}
{"level":"http","message":"실패 [POST] /api/v1/shops/1/reviews 404 (10ms)","metadata":{"meta":{"duration":"10ms","requestId":"req-1747229915032-zo6cv4wna","statusCode":404,"statusMessage":"Not Found"}},"timestamp":"2025-05-14 22:38:35"}
{"level":"debug","message":"데이터베이스 연결 획득","metadata":{"meta":{"connectionId":47}},"timestamp":"2025-05-14 22:38:35"}
{"level":"debug","message":"UPDATE/DELETE 쿼리 실행","metadata":{"meta":{"params":[],"sql":"INSERT INTO\n  user_session (user_id, session)\nVALUES\n  (\n    '30',\n    'eyJhbGciOiJIUzI1NiIsInR5cCI6IkpXVCJ9.eyJ1c2VySWQiOjMwLCJyb2xlIjoidXNlciIsImlhdCI6MTc0NzIyOTkxNH0.fzxp9n_8tI7d68QnK6bH6tyF3fKzj6tfpZHCjOCY6L0'\n  ) ON DUPLICATE KEY\nUPDATE session = 'eyJhbGciOiJIUzI1NiIsInR5cCI6IkpXVCJ9.eyJ1c2VySWQiOjMwLCJyb2xlIjoidXNlciIsImlhdCI6MTc0NzIyOTkxNH0.fzxp9n_8tI7d68QnK6bH6tyF3fKzj6tfpZHCjOCY6L0'"}},"timestamp":"2025-05-14 22:38:35"}
{"level":"info","message":"세션 저장 성공","metadata":{"meta":{"userId":34}},"timestamp":"2025-05-14 22:38:35"}
{"level":"info","message":"신고 생성 성공","metadata":{"meta":{}},"timestamp":"2025-05-14 22:38:35"}
{"level":"info","message":"신고 생성 완료","metadata":{"meta":{"userId":30}},"timestamp":"2025-05-14 22:38:35"}
{"level":"http","message":"응답 [POST] /api/v1/reports/shops/1 201 (26ms)","metadata":{"meta":{"duration":"26ms","requestId":"req-1747229915033-ugoai8edg","statusCode":201,"statusMessage":"Created"}},"timestamp":"2025-05-14 22:38:35"}
{"level":"info","message":"세션 저장 성공","metadata":{"meta":{"userId":30}},"timestamp":"2025-05-14 22:38:35"}
{"level":"info","message":"환경 변수 확인","metadata":{"meta":{"JWT_SECRET_KEY":"***설정됨***","MODE":"PROD","NODE_ENV":"development","PROD_DB_HOST":"43.201.211.39","PROD_DB_NAME":"chaltteok","PROD_DB_PASSWORD":"***설정됨***","PROD_DB_PORT":"3306","PROD_DB_USER":"chal"}},"timestamp":"2025-05-14 23:12:43"}
{"level":"info","message":"운영 환경(PROD) 데이터베이스 사용","metadata":{"meta":{}},"timestamp":"2025-05-14 23:12:43"}
{"level":"info","message":"데이터베이스 설정 확인","metadata":{"meta":{"database":"chaltteok","host":"43.201.211.39","port":"3306","user":"chal"}},"timestamp":"2025-05-14 23:12:43"}
{"level":"info","message":"데이터베이스 연결 풀이 초기화되었습니다","metadata":{"meta":{"connectionLimit":20,"database":"chaltteok","host":"43.201.211.39"}},"timestamp":"2025-05-14 23:12:43"}
{"level":"info","message":"사용자 매퍼 로드됨","metadata":{"meta":{"path":"C:\\Users\\hope2\\dev\\Chaltteok_BE\\src\\dataaccess\\mappers\\userMapper.xml"}},"timestamp":"2025-05-14 23:12:43"}
{"level":"debug","message":"JWT 유틸리티가 초기화되었습니다.","metadata":{"meta":{}},"timestamp":"2025-05-14 23:12:43"}
{"level":"info","message":"세션 매퍼 로드됨","metadata":{"meta":{"path":"C:\\Users\\hope2\\dev\\Chaltteok_BE\\src\\dataaccess\\mappers\\userSessionMapper.xml"}},"timestamp":"2025-05-14 23:12:44"}
{"level":"info","message":"매장 매퍼 로드됨","metadata":{"meta":{"path":"C:\\Users\\hope2\\dev\\Chaltteok_BE\\src\\dataaccess\\mappers\\shopMapper.xml"}},"timestamp":"2025-05-14 23:12:44"}
{"level":"info","message":"공통 매퍼 로드됨:","metadata":{"meta":"C:\\Users\\hope2\\dev\\Chaltteok_BE\\src\\dataaccess\\mappers\\commonMapper.xml"},"timestamp":"2025-05-14 23:12:44"}
{"level":"info","message":"리포트 매퍼 로드됨:","metadata":{"meta":"C:\\Users\\hope2\\dev\\Chaltteok_BE\\src\\dataaccess\\mappers\\reportMapper.xml"},"timestamp":"2025-05-14 23:12:44"}
{"level":"info","message":"서버가 시작되었습니다 - http://localhost:9801","metadata":{"meta":{}},"timestamp":"2025-05-14 23:12:44"}
{"level":"info","message":"운영 환경: development","metadata":{"meta":{}},"timestamp":"2025-05-14 23:12:44"}
{"level":"info","message":"API 기본 경로: /api/v1","metadata":{"meta":{}},"timestamp":"2025-05-14 23:12:44"}
{"level":"info","message":"환경 변수 확인","metadata":{"meta":{"JWT_SECRET_KEY":"***설정됨***","MODE":"PROD","NODE_ENV":"development","PROD_DB_HOST":"43.201.211.39","PROD_DB_NAME":"chaltteok","PROD_DB_PASSWORD":"***설정됨***","PROD_DB_PORT":"3306","PROD_DB_USER":"chal"}},"timestamp":"2025-05-14 23:13:02"}
{"level":"info","message":"운영 환경(PROD) 데이터베이스 사용","metadata":{"meta":{}},"timestamp":"2025-05-14 23:13:02"}
{"level":"info","message":"데이터베이스 설정 확인","metadata":{"meta":{"database":"chaltteok","host":"43.201.211.39","port":"3306","user":"chal"}},"timestamp":"2025-05-14 23:13:02"}
{"level":"info","message":"데이터베이스 연결 풀이 초기화되었습니다","metadata":{"meta":{"connectionLimit":20,"database":"chaltteok","host":"43.201.211.39"}},"timestamp":"2025-05-14 23:13:02"}
{"level":"info","message":"사용자 매퍼 로드됨","metadata":{"meta":{"path":"C:\\Users\\hope2\\dev\\Chaltteok_BE\\src\\dataaccess\\mappers\\userMapper.xml"}},"timestamp":"2025-05-14 23:13:02"}
{"level":"debug","message":"JWT 유틸리티가 초기화되었습니다.","metadata":{"meta":{}},"timestamp":"2025-05-14 23:13:02"}
{"level":"info","message":"세션 매퍼 로드됨","metadata":{"meta":{"path":"C:\\Users\\hope2\\dev\\Chaltteok_BE\\src\\dataaccess\\mappers\\userSessionMapper.xml"}},"timestamp":"2025-05-14 23:13:03"}
{"level":"info","message":"매장 매퍼 로드됨","metadata":{"meta":{"path":"C:\\Users\\hope2\\dev\\Chaltteok_BE\\src\\dataaccess\\mappers\\shopMapper.xml"}},"timestamp":"2025-05-14 23:13:03"}
{"level":"info","message":"공통 매퍼 로드됨:","metadata":{"meta":"C:\\Users\\hope2\\dev\\Chaltteok_BE\\src\\dataaccess\\mappers\\commonMapper.xml"},"timestamp":"2025-05-14 23:13:03"}
{"level":"info","message":"리포트 매퍼 로드됨:","metadata":{"meta":"C:\\Users\\hope2\\dev\\Chaltteok_BE\\src\\dataaccess\\mappers\\reportMapper.xml"},"timestamp":"2025-05-14 23:13:03"}
{"level":"info","message":"서버가 시작되었습니다 - http://localhost:9801","metadata":{"meta":{}},"timestamp":"2025-05-14 23:13:03"}
{"level":"info","message":"운영 환경: development","metadata":{"meta":{}},"timestamp":"2025-05-14 23:13:03"}
{"level":"info","message":"API 기본 경로: /api/v1","metadata":{"meta":{}},"timestamp":"2025-05-14 23:13:03"}
{"level":"http","message":"요청 [POST] /api/v1/auth/login","metadata":{"meta":{"body":{"email":"test@newaccount.com","password":"******"},"ip":"127.0.0.1","method":"POST","requestId":"req-1747231988843-l8g43cujv","url":"/api/v1/auth/login","userAgent":"axios/1.9.0"}},"timestamp":"2025-05-14 23:13:08"}
{"level":"debug","message":"이메일로 사용자 조회","metadata":{"meta":{"email":"test@newaccount.com"}},"timestamp":"2025-05-14 23:13:08"}
{"level":"http","message":"요청 [POST] /api/v1/auth/login","metadata":{"meta":{"body":{"email":"test@newaccount.com","password":"******"},"ip":"127.0.0.1","method":"POST","requestId":"req-1747231988885-onzwz1yan","url":"/api/v1/auth/login","userAgent":"axios/1.9.0"}},"timestamp":"2025-05-14 23:13:08"}
{"level":"debug","message":"이메일로 사용자 조회","metadata":{"meta":{"email":"test@newaccount.com"}},"timestamp":"2025-05-14 23:13:08"}
{"level":"http","message":"요청 [POST] /api/v1/auth/login","metadata":{"meta":{"body":{"email":"test@newaccount.com","password":"******"},"ip":"127.0.0.1","method":"POST","requestId":"req-1747231988893-fn9b7684n","url":"/api/v1/auth/login","userAgent":"axios/1.9.0"}},"timestamp":"2025-05-14 23:13:08"}
{"level":"debug","message":"이메일로 사용자 조회","metadata":{"meta":{"email":"test@newaccount.com"}},"timestamp":"2025-05-14 23:13:08"}
{"level":"http","message":"요청 [POST] /api/v1/auth/login","metadata":{"meta":{"body":{"email":"test@newaccount.com","password":"******"},"ip":"127.0.0.1","method":"POST","requestId":"req-1747231988899-bx28hl88u","url":"/api/v1/auth/login","userAgent":"axios/1.9.0"}},"timestamp":"2025-05-14 23:13:08"}
{"level":"debug","message":"이메일로 사용자 조회","metadata":{"meta":{"email":"test@newaccount.com"}},"timestamp":"2025-05-14 23:13:08"}
{"level":"http","message":"요청 [POST] /api/v1/auth/login","metadata":{"meta":{"body":{"email":"test@newaccount.com","password":"******"},"ip":"127.0.0.1","method":"POST","requestId":"req-1747231988905-t7l0iqpiq","url":"/api/v1/auth/login","userAgent":"axios/1.9.0"}},"timestamp":"2025-05-14 23:13:08"}
{"level":"debug","message":"이메일로 사용자 조회","metadata":{"meta":{"email":"test@newaccount.com"}},"timestamp":"2025-05-14 23:13:08"}
{"level":"debug","message":"데이터베이스 연결 획득","metadata":{"meta":{"connectionId":50}},"timestamp":"2025-05-14 23:13:08"}
{"level":"debug","message":"쿼리 실행","metadata":{"meta":{"params":[],"sql":"SELECT\n  id,\n  role,\n  type,\n  email,\n  password,\n  is_retry,\n  name,\n  age,\n  gender,\n  nick_name,\n  phone,\n  address,\n  social_id,\n  profile_image,\n  it_plc_1,\n  it_plc_2,\n  it_plc_3,\n  reg_date,\n  mod_date\nFROM\n  user\nWHERE\n  email = 'test@newaccount.com'"}},"timestamp":"2025-05-14 23:13:08"}
{"level":"debug","message":"데이터베이스 연결 획득","metadata":{"meta":{"connectionId":52}},"timestamp":"2025-05-14 23:13:08"}
{"level":"debug","message":"쿼리 실행","metadata":{"meta":{"params":[],"sql":"SELECT\n  id,\n  role,\n  type,\n  email,\n  password,\n  is_retry,\n  name,\n  age,\n  gender,\n  nick_name,\n  phone,\n  address,\n  social_id,\n  profile_image,\n  it_plc_1,\n  it_plc_2,\n  it_plc_3,\n  reg_date,\n  mod_date\nFROM\n  user\nWHERE\n  email = 'test@newaccount.com'"}},"timestamp":"2025-05-14 23:13:08"}
{"level":"debug","message":"데이터베이스 연결 획득","metadata":{"meta":{"connectionId":48}},"timestamp":"2025-05-14 23:13:08"}
{"level":"debug","message":"쿼리 실행","metadata":{"meta":{"params":[],"sql":"SELECT\n  id,\n  role,\n  type,\n  email,\n  password,\n  is_retry,\n  name,\n  age,\n  gender,\n  nick_name,\n  phone,\n  address,\n  social_id,\n  profile_image,\n  it_plc_1,\n  it_plc_2,\n  it_plc_3,\n  reg_date,\n  mod_date\nFROM\n  user\nWHERE\n  email = 'test@newaccount.com'"}},"timestamp":"2025-05-14 23:13:08"}
{"level":"debug","message":"데이터베이스 연결 획득","metadata":{"meta":{"connectionId":51}},"timestamp":"2025-05-14 23:13:08"}
{"level":"debug","message":"쿼리 실행","metadata":{"meta":{"params":[],"sql":"SELECT\n  id,\n  role,\n  type,\n  email,\n  password,\n  is_retry,\n  name,\n  age,\n  gender,\n  nick_name,\n  phone,\n  address,\n  social_id,\n  profile_image,\n  it_plc_1,\n  it_plc_2,\n  it_plc_3,\n  reg_date,\n  mod_date\nFROM\n  user\nWHERE\n  email = 'test@newaccount.com'"}},"timestamp":"2025-05-14 23:13:08"}
{"level":"debug","message":"데이터베이스 연결 획득","metadata":{"meta":{"connectionId":49}},"timestamp":"2025-05-14 23:13:08"}
{"level":"debug","message":"쿼리 실행","metadata":{"meta":{"params":[],"sql":"SELECT\n  id,\n  role,\n  type,\n  email,\n  password,\n  is_retry,\n  name,\n  age,\n  gender,\n  nick_name,\n  phone,\n  address,\n  social_id,\n  profile_image,\n  it_plc_1,\n  it_plc_2,\n  it_plc_3,\n  reg_date,\n  mod_date\nFROM\n  user\nWHERE\n  email = 'test@newaccount.com'"}},"timestamp":"2025-05-14 23:13:08"}
{"level":"debug","message":"연결 반환 완료","metadata":{"meta":{}},"timestamp":"2025-05-14 23:13:08"}
{"level":"debug","message":"사용자 세션 저장","metadata":{"meta":{"userId":30}},"timestamp":"2025-05-14 23:13:09"}
{"level":"http","message":"응답 [POST] /api/v1/auth/login 200 (157ms)","metadata":{"meta":{"duration":"157ms","requestId":"req-1747231988899-bx28hl88u","statusCode":200,"statusMessage":"OK"}},"timestamp":"2025-05-14 23:13:09"}
{"level":"debug","message":"데이터베이스 연결 획득","metadata":{"meta":{"connectionId":50}},"timestamp":"2025-05-14 23:13:09"}
{"level":"debug","message":"UPDATE/DELETE 쿼리 실행","metadata":{"meta":{"params":[],"sql":"INSERT INTO\n  user_session (user_id, session)\nVALUES\n  (\n    '30',\n    'eyJhbGciOiJIUzI1NiIsInR5cCI6IkpXVCJ9.eyJ1c2VySWQiOjMwLCJyb2xlIjoidXNlciIsImlhdCI6MTc0NzIzMTk4OX0.mHgZRpZzzEIO6Sz8RyZ-YfG6I9zBi9j3-vA7akmIpkU'\n  ) ON DUPLICATE KEY\nUPDATE session = 'eyJhbGciOiJIUzI1NiIsInR5cCI6IkpXVCJ9.eyJ1c2VySWQiOjMwLCJyb2xlIjoidXNlciIsImlhdCI6MTc0NzIzMTk4OX0.mHgZRpZzzEIO6Sz8RyZ-YfG6I9zBi9j3-vA7akmIpkU'"}},"timestamp":"2025-05-14 23:13:09"}
{"level":"debug","message":"연결 반환 완료","metadata":{"meta":{}},"timestamp":"2025-05-14 23:13:09"}
{"level":"debug","message":"연결 반환 완료","metadata":{"meta":{}},"timestamp":"2025-05-14 23:13:09"}
{"level":"debug","message":"연결 반환 완료","metadata":{"meta":{}},"timestamp":"2025-05-14 23:13:09"}
{"level":"debug","message":"연결 반환 완료","metadata":{"meta":{}},"timestamp":"2025-05-14 23:13:09"}
{"level":"debug","message":"사용자 세션 저장","metadata":{"meta":{"userId":30}},"timestamp":"2025-05-14 23:13:09"}
{"level":"http","message":"응답 [POST] /api/v1/auth/login 200 (456ms)","metadata":{"meta":{"duration":"456ms","requestId":"req-1747231988905-t7l0iqpiq","statusCode":200,"statusMessage":"OK"}},"timestamp":"2025-05-14 23:13:09"}
{"level":"debug","message":"데이터베이스 연결 획득","metadata":{"meta":{"connectionId":49}},"timestamp":"2025-05-14 23:13:09"}
{"level":"debug","message":"UPDATE/DELETE 쿼리 실행","metadata":{"meta":{"params":[],"sql":"INSERT INTO\n  user_session (user_id, session)\nVALUES\n  (\n    '30',\n    'eyJhbGciOiJIUzI1NiIsInR5cCI6IkpXVCJ9.eyJ1c2VySWQiOjMwLCJyb2xlIjoidXNlciIsImlhdCI6MTc0NzIzMTk4OX0.mHgZRpZzzEIO6Sz8RyZ-YfG6I9zBi9j3-vA7akmIpkU'\n  ) ON DUPLICATE KEY\nUPDATE session = 'eyJhbGciOiJIUzI1NiIsInR5cCI6IkpXVCJ9.eyJ1c2VySWQiOjMwLCJyb2xlIjoidXNlciIsImlhdCI6MTc0NzIzMTk4OX0.mHgZRpZzzEIO6Sz8RyZ-YfG6I9zBi9j3-vA7akmIpkU'"}},"timestamp":"2025-05-14 23:13:09"}
{"level":"debug","message":"사용자 세션 저장","metadata":{"meta":{"userId":30}},"timestamp":"2025-05-14 23:13:09"}
{"level":"http","message":"응답 [POST] /api/v1/auth/login 200 (527ms)","metadata":{"meta":{"duration":"527ms","requestId":"req-1747231988843-l8g43cujv","statusCode":200,"statusMessage":"OK"}},"timestamp":"2025-05-14 23:13:09"}
{"level":"debug","message":"데이터베이스 연결 획득","metadata":{"meta":{"connectionId":51}},"timestamp":"2025-05-14 23:13:09"}
{"level":"debug","message":"UPDATE/DELETE 쿼리 실행","metadata":{"meta":{"params":[],"sql":"INSERT INTO\n  user_session (user_id, session)\nVALUES\n  (\n    '30',\n    'eyJhbGciOiJIUzI1NiIsInR5cCI6IkpXVCJ9.eyJ1c2VySWQiOjMwLCJyb2xlIjoidXNlciIsImlhdCI6MTc0NzIzMTk4OX0.mHgZRpZzzEIO6Sz8RyZ-YfG6I9zBi9j3-vA7akmIpkU'\n  ) ON DUPLICATE KEY\nUPDATE session = 'eyJhbGciOiJIUzI1NiIsInR5cCI6IkpXVCJ9.eyJ1c2VySWQiOjMwLCJyb2xlIjoidXNlciIsImlhdCI6MTc0NzIzMTk4OX0.mHgZRpZzzEIO6Sz8RyZ-YfG6I9zBi9j3-vA7akmIpkU'"}},"timestamp":"2025-05-14 23:13:09"}
{"level":"debug","message":"사용자 세션 저장","metadata":{"meta":{"userId":30}},"timestamp":"2025-05-14 23:13:09"}
{"level":"http","message":"응답 [POST] /api/v1/auth/login 200 (486ms)","metadata":{"meta":{"duration":"486ms","requestId":"req-1747231988893-fn9b7684n","statusCode":200,"statusMessage":"OK"}},"timestamp":"2025-05-14 23:13:09"}
{"level":"debug","message":"데이터베이스 연결 획득","metadata":{"meta":{"connectionId":48}},"timestamp":"2025-05-14 23:13:09"}
{"level":"debug","message":"UPDATE/DELETE 쿼리 실행","metadata":{"meta":{"params":[],"sql":"INSERT INTO\n  user_session (user_id, session)\nVALUES\n  (\n    '30',\n    'eyJhbGciOiJIUzI1NiIsInR5cCI6IkpXVCJ9.eyJ1c2VySWQiOjMwLCJyb2xlIjoidXNlciIsImlhdCI6MTc0NzIzMTk4OX0.mHgZRpZzzEIO6Sz8RyZ-YfG6I9zBi9j3-vA7akmIpkU'\n  ) ON DUPLICATE KEY\nUPDATE session = 'eyJhbGciOiJIUzI1NiIsInR5cCI6IkpXVCJ9.eyJ1c2VySWQiOjMwLCJyb2xlIjoidXNlciIsImlhdCI6MTc0NzIzMTk4OX0.mHgZRpZzzEIO6Sz8RyZ-YfG6I9zBi9j3-vA7akmIpkU'"}},"timestamp":"2025-05-14 23:13:09"}
{"level":"debug","message":"사용자 세션 저장","metadata":{"meta":{"userId":30}},"timestamp":"2025-05-14 23:13:09"}
{"level":"http","message":"응답 [POST] /api/v1/auth/login 200 (502ms)","metadata":{"meta":{"duration":"502ms","requestId":"req-1747231988885-onzwz1yan","statusCode":200,"statusMessage":"OK"}},"timestamp":"2025-05-14 23:13:09"}
{"level":"debug","message":"데이터베이스 연결 획득","metadata":{"meta":{"connectionId":52}},"timestamp":"2025-05-14 23:13:09"}
{"level":"debug","message":"UPDATE/DELETE 쿼리 실행","metadata":{"meta":{"params":[],"sql":"INSERT INTO\n  user_session (user_id, session)\nVALUES\n  (\n    '30',\n    'eyJhbGciOiJIUzI1NiIsInR5cCI6IkpXVCJ9.eyJ1c2VySWQiOjMwLCJyb2xlIjoidXNlciIsImlhdCI6MTc0NzIzMTk4OX0.mHgZRpZzzEIO6Sz8RyZ-YfG6I9zBi9j3-vA7akmIpkU'\n  ) ON DUPLICATE KEY\nUPDATE session = 'eyJhbGciOiJIUzI1NiIsInR5cCI6IkpXVCJ9.eyJ1c2VySWQiOjMwLCJyb2xlIjoidXNlciIsImlhdCI6MTc0NzIzMTk4OX0.mHgZRpZzzEIO6Sz8RyZ-YfG6I9zBi9j3-vA7akmIpkU'"}},"timestamp":"2025-05-14 23:13:09"}
{"level":"http","message":"요청 [POST] /api/v1/auth/login","metadata":{"meta":{"body":{"email":"test@newaccount.com","password":"******"},"ip":"127.0.0.1","method":"POST","requestId":"req-1747231989390-76j1tx0ll","url":"/api/v1/auth/login","userAgent":"axios/1.9.0"}},"timestamp":"2025-05-14 23:13:09"}
{"level":"debug","message":"이메일로 사용자 조회","metadata":{"meta":{"email":"test@newaccount.com"}},"timestamp":"2025-05-14 23:13:09"}
{"level":"info","message":"세션 저장 성공","metadata":{"meta":{"userId":30}},"timestamp":"2025-05-14 23:13:09"}
{"level":"http","message":"요청 [POST] /api/v1/shops/1/reviews","metadata":{"meta":{"body":{"description":"댓글 테스트용 리뷰"},"ip":"127.0.0.1","method":"POST","requestId":"req-1747231989398-74cev87wf","url":"/api/v1/shops/1/reviews","userAgent":"axios/1.9.0"}},"timestamp":"2025-05-14 23:13:09"}
{"level":"http","message":"요청 [POST] /api/v1/auth/login","metadata":{"meta":{"body":{"email":"admin@test.com","password":"******"},"ip":"127.0.0.1","method":"POST","requestId":"req-1747231989401-kfh3ksz5p","url":"/api/v1/auth/login","userAgent":"axios/1.9.0"}},"timestamp":"2025-05-14 23:13:09"}
{"level":"debug","message":"이메일로 사용자 조회","metadata":{"meta":{"email":"admin@test.com"}},"timestamp":"2025-05-14 23:13:09"}
{"level":"debug","message":"데이터베이스 연결 획득","metadata":{"meta":{"connectionId":50}},"timestamp":"2025-05-14 23:13:09"}
{"level":"debug","message":"쿼리 실행","metadata":{"meta":{"params":[],"sql":"SELECT\n  id,\n  role,\n  type,\n  email,\n  password,\n  is_retry,\n  name,\n  age,\n  gender,\n  nick_name,\n  phone,\n  address,\n  social_id,\n  profile_image,\n  it_plc_1,\n  it_plc_2,\n  it_plc_3,\n  reg_date,\n  mod_date\nFROM\n  user\nWHERE\n  email = 'admin@test.com'"}},"timestamp":"2025-05-14 23:13:09"}
{"level":"info","message":"세션 저장 성공","metadata":{"meta":{"userId":30}},"timestamp":"2025-05-14 23:13:09"}
{"level":"info","message":"세션 저장 성공","metadata":{"meta":{"userId":30}},"timestamp":"2025-05-14 23:13:09"}
{"level":"http","message":"요청 [GET] /api/v1/shops","metadata":{"meta":{"body":{},"ip":"127.0.0.1","method":"GET","requestId":"req-1747231989409-jupr5mm8p","url":"/api/v1/shops","userAgent":"axios/1.9.0"}},"timestamp":"2025-05-14 23:13:09"}
{"level":"debug","message":"제휴 매장 조인 상점 목록 조회","metadata":{"meta":{"limit":20,"offset":0}},"timestamp":"2025-05-14 23:13:09"}
{"level":"debug","message":"데이터베이스 연결 획득","metadata":{"meta":{"connectionId":51}},"timestamp":"2025-05-14 23:13:09"}
{"level":"debug","message":"쿼리 실행","metadata":{"meta":{"params":[],"sql":"SELECT\n  s.id,\n  s.interest_id,\n  s.title,\n  s.description,\n  s.phone_number,\n  s.open_time,\n  s.close_time,\n  s.address,\n  s.latitude,\n  s.longitude,\n  s.parking,\n  s.floor,\n  s.price,\n  s.img,\n  s.reg_date,\n  s.mod_date,\n  CASE\n    WHEN p.id IS NOT NULL THEN true\n    ELSE false\n  END AS is_partner,\n  p.partner_date,\n  p.expiry_date,\n  p.status AS partner_status\nFROM\n  shop s\n  LEFT JOIN partner_shop p ON s.id = p.shop_id\n  AND p.status = 'active'\nORDER BY\n  p.id IS NOT NULL DESC,\n  p.partner_date ASC,\n  s.id ASC\nLIMIT\n  20\nOFFSET\n  0"}},"timestamp":"2025-05-14 23:13:09"}
{"level":"http","message":"실패 [POST] /api/v1/shops/1/reviews 404 (34ms)","metadata":{"meta":{"duration":"34ms","requestId":"req-1747231989398-74cev87wf","statusCode":404,"statusMessage":"Not Found"}},"timestamp":"2025-05-14 23:13:09"}
{"level":"http","message":"요청 [GET] /api/v1/shops/1/reviews","metadata":{"meta":{"body":{},"ip":"127.0.0.1","method":"GET","requestId":"req-1747231989433-do0bhbm8z","url":"/api/v1/shops/1/reviews","userAgent":"axios/1.9.0"}},"timestamp":"2025-05-14 23:13:09"}
{"level":"info","message":"세션 저장 성공","metadata":{"meta":{"userId":30}},"timestamp":"2025-05-14 23:13:09"}
{"level":"info","message":"세션 저장 성공","metadata":{"meta":{"userId":30}},"timestamp":"2025-05-14 23:13:09"}
{"level":"debug","message":"연결 반환 완료","metadata":{"meta":{}},"timestamp":"2025-05-14 23:13:09"}
{"level":"http","message":"실패 [GET] /api/v1/shops/1/reviews 404 (76ms)","metadata":{"meta":{"duration":"76ms","requestId":"req-1747231989433-do0bhbm8z","statusCode":404,"statusMessage":"Not Found"}},"timestamp":"2025-05-14 23:13:09"}
{"level":"debug","message":"사용자 세션 저장","metadata":{"meta":{"userId":34}},"timestamp":"2025-05-14 23:13:09"}
{"level":"http","message":"응답 [POST] /api/v1/auth/login 200 (114ms)","metadata":{"meta":{"duration":"114ms","requestId":"req-1747231989401-kfh3ksz5p","statusCode":200,"statusMessage":"OK"}},"timestamp":"2025-05-14 23:13:09"}
{"level":"debug","message":"데이터베이스 연결 획득","metadata":{"meta":{"connectionId":50}},"timestamp":"2025-05-14 23:13:09"}
{"level":"debug","message":"UPDATE/DELETE 쿼리 실행","metadata":{"meta":{"params":[],"sql":"INSERT INTO\n  user_session (user_id, session)\nVALUES\n  (\n    '34',\n    'eyJhbGciOiJIUzI1NiIsInR5cCI6IkpXVCJ9.eyJ1c2VySWQiOjM0LCJyb2xlIjoiYWRtaW4iLCJpYXQiOjE3NDcyMzE5ODl9.fUDumGK3PmJ_SqB70xkHAr_PPMLEL9r_z6p88h__Sag'\n  ) ON DUPLICATE KEY\nUPDATE session = 'eyJhbGciOiJIUzI1NiIsInR5cCI6IkpXVCJ9.eyJ1c2VySWQiOjM0LCJyb2xlIjoiYWRtaW4iLCJpYXQiOjE3NDcyMzE5ODl9.fUDumGK3PmJ_SqB70xkHAr_PPMLEL9r_z6p88h__Sag'"}},"timestamp":"2025-05-14 23:13:09"}
{"level":"debug","message":"연결 반환 완료","metadata":{"meta":{}},"timestamp":"2025-05-14 23:13:09"}
{"level":"http","message":"응답 [GET] /api/v1/shops 200 (112ms)","metadata":{"meta":{"duration":"112ms","requestId":"req-1747231989409-jupr5mm8p","statusCode":200,"statusMessage":"OK"}},"timestamp":"2025-05-14 23:13:09"}
{"level":"http","message":"요청 [GET] /api/v1/reviews/undefined","metadata":{"meta":{"body":{},"ip":"127.0.0.1","method":"GET","requestId":"req-1747231989521-itxbfboe1","url":"/api/v1/reviews/undefined","userAgent":"axios/1.9.0"}},"timestamp":"2025-05-14 23:13:09"}
{"level":"http","message":"실패 [GET] /api/v1/reviews/undefined 400 (2ms)","metadata":{"meta":{"duration":"2ms","requestId":"req-1747231989521-itxbfboe1","statusCode":400,"statusMessage":"Bad Request"}},"timestamp":"2025-05-14 23:13:09"}
{"level":"http","message":"요청 [POST] /api/v1/shops/1/reviews","metadata":{"meta":{"body":{"description":"단위 테스트 리뷰"},"ip":"127.0.0.1","method":"POST","requestId":"req-1747231989524-192hv38nc","url":"/api/v1/shops/1/reviews","userAgent":"axios/1.9.0"}},"timestamp":"2025-05-14 23:13:09"}
{"level":"http","message":"요청 [POST] /api/v1/reports/shops/1","metadata":{"meta":{"body":{"description":"단위 테스트 신고","reportType":"inappropriate"},"ip":"127.0.0.1","method":"POST","requestId":"req-1747231989527-jy5zrjf5h","url":"/api/v1/reports/shops/1","userAgent":"axios/1.9.0"}},"timestamp":"2025-05-14 23:13:09"}
{"level":"info","message":"인증 성공","metadata":{"meta":{"userId":30}},"timestamp":"2025-05-14 23:13:09"}
{"level":"debug","message":"신고 요청 받음","metadata":{"meta":{"reportType":"inappropriate","shopId":"1","user":{"iat":1747231989,"role":"user","userId":30},"userId":30}},"timestamp":"2025-05-14 23:13:09"}
{"level":"debug","message":"신고 생성 쿼리 실행","metadata":{"meta":{"reportData":{"description":"단위 테스트 신고","reportType":"inappropriate","targetId":1,"targetType":"shop","userId":30}}},"timestamp":"2025-05-14 23:13:09"}
{"level":"debug","message":"데이터베이스 연결 획득","metadata":{"meta":{"connectionId":51}},"timestamp":"2025-05-14 23:13:09"}
{"level":"debug","message":"UPDATE/DELETE 쿼리 실행","metadata":{"meta":{"params":[],"sql":"INSERT INTO\n  report (\n    target_type,\n    target_id,\n    user_id,\n    report_type,\n    description,\n    status\n  )\nVALUES\n  (\n    'shop',\n    '1',\n    '30',\n    'inappropriate',\n    '단위 테스트 신고',\n    'pending'\n  )"}},"timestamp":"2025-05-14 23:13:09"}
{"level":"http","message":"실패 [POST] /api/v1/shops/1/reviews 404 (14ms)","metadata":{"meta":{"duration":"14ms","requestId":"req-1747231989524-192hv38nc","statusCode":404,"statusMessage":"Not Found"}},"timestamp":"2025-05-14 23:13:09"}
{"level":"debug","message":"데이터베이스 연결 획득","metadata":{"meta":{"connectionId":53}},"timestamp":"2025-05-14 23:13:09"}
{"level":"debug","message":"쿼리 실행","metadata":{"meta":{"params":[],"sql":"SELECT\n  id,\n  role,\n  type,\n  email,\n  password,\n  is_retry,\n  name,\n  age,\n  gender,\n  nick_name,\n  phone,\n  address,\n  social_id,\n  profile_image,\n  it_plc_1,\n  it_plc_2,\n  it_plc_3,\n  reg_date,\n  mod_date\nFROM\n  user\nWHERE\n  email = 'test@newaccount.com'"}},"timestamp":"2025-05-14 23:13:09"}
{"level":"info","message":"세션 저장 성공","metadata":{"meta":{"userId":34}},"timestamp":"2025-05-14 23:13:09"}
{"level":"debug","message":"연결 반환 완료","metadata":{"meta":{}},"timestamp":"2025-05-14 23:13:09"}
{"level":"http","message":"실패 [POST] /api/v1/auth/login 401 (256ms)","metadata":{"meta":{"duration":"256ms","requestId":"req-1747231989390-76j1tx0ll","statusCode":401,"statusMessage":"Unauthorized"}},"timestamp":"2025-05-14 23:13:09"}
{"level":"info","message":"신고 생성 성공","metadata":{"meta":{}},"timestamp":"2025-05-14 23:13:09"}
{"level":"info","message":"신고 생성 완료","metadata":{"meta":{"userId":30}},"timestamp":"2025-05-14 23:13:09"}
{"level":"http","message":"응답 [POST] /api/v1/reports/shops/1 201 (123ms)","metadata":{"meta":{"duration":"123ms","requestId":"req-1747231989527-jy5zrjf5h","statusCode":201,"statusMessage":"Created"}},"timestamp":"2025-05-14 23:13:09"}
